<?xml version="1.0" encoding="UTF-8"?>
<!-- Generated by org.testng.reporters.JUnitXMLReporter -->
<testsuite hostname="DESKTOP-VTBT3RG" ignored="0" name="Default test" tests="4" failures="0" timestamp="12 Feb 2022 04:32:29 GMT" time="71.339" errors="0">
  <testcase name="validsearch" time="32.546" classname="Testcase.FlightsearchTestcase"/>
  <testcase name="validsearch" time="20.229" classname="Testcase.FlightsearchTestcase"/>
  <testcase name="validsearch" time="13.0" classname="Testcase.FlightsearchTestcase"/>
  <testcase name="invalidsearch" time="0.001" classname="Testcase.FlightsearchTestcase"/>
</testsuite> <!-- Default test -->
