<?xml version="1.0" encoding="UTF-8"?>
<!-- Generated by org.testng.reporters.JUnitXMLReporter -->
<testsuite hostname="DESKTOP-VTBT3RG" ignored="4" name="CHROMEBROWSER" tests="7" failures="0" timestamp="2022-02-13T11:35:10 IST" time="174.622" errors="0">
  <testcase name="validsearch" time="17.967" classname="Testcase.FlightsearchTestcase"/>
  <testcase name="validsearch" time="19.646" classname="Testcase.FlightsearchTestcase"/>
  <testcase name="validsearch" time="78.018" classname="Testcase.FlightsearchTestcase"/>
  <testcase name="invalidsearch" time="13.658" classname="Testcase.FlightsearchTestcase"/>
  <testcase name="invalidsearch" time="16.709" classname="Testcase.FlightsearchTestcase"/>
  <testcase name="invalidsearch" time="17.002" classname="Testcase.FlightsearchTestcase"/>
  <testcase name="validsearchList" time="0.001" classname="Testcase.SearchListTestcase"/>
  <testcase name="@BeforeTest launchurl" time="0.0" classname="Background.Browserdriver">
    <ignored/>
  </testcase> <!-- @BeforeTest launchurl -->
  <testcase name="@AfterTest tear" time="0.0" classname="Background.Browserdriver">
    <ignored/>
  </testcase> <!-- @AfterTest tear -->
  <testcase name="@AfterSuite teardonw" time="0.0" classname="Background.Browserdriver">
    <ignored/>
  </testcase> <!-- @AfterSuite teardonw -->
  <testcase name="@BeforeSuite launch" time="0.0" classname="Background.Browserdriver">
    <ignored/>
  </testcase> <!-- @BeforeSuite launch -->
</testsuite> <!-- CHROMEBROWSER -->
