<?xml version="1.0" encoding="UTF-8"?>
<!-- Generated by org.testng.reporters.JUnitXMLReporter -->
<testsuite hostname="DESKTOP-VTBT3RG" ignored="4" name="EDGEBROWSER" tests="7" failures="0" timestamp="2022-02-13T11:35:09 IST" time="172.922" errors="0">
  <testcase name="validsearch" time="16.906" classname="Testcase.FlightsearchTestcase"/>
  <testcase name="validsearch" time="19.064" classname="Testcase.FlightsearchTestcase"/>
  <testcase name="validsearch" time="77.744" classname="Testcase.FlightsearchTestcase"/>
  <testcase name="invalidsearch" time="13.718" classname="Testcase.FlightsearchTestcase"/>
  <testcase name="invalidsearch" time="16.628" classname="Testcase.FlightsearchTestcase"/>
  <testcase name="invalidsearch" time="17.153" classname="Testcase.FlightsearchTestcase"/>
  <testcase name="validsearchList" time="0.0" classname="Testcase.SearchListTestcase"/>
  <testcase name="@BeforeTest launchurl" time="0.0" classname="Background.Browserdriver">
    <ignored/>
  </testcase> <!-- @BeforeTest launchurl -->
  <testcase name="@AfterSuite teardonw" time="0.0" classname="Background.Browserdriver">
    <ignored/>
  </testcase> <!-- @AfterSuite teardonw -->
  <testcase name="@AfterTest tear" time="0.0" classname="Background.Browserdriver">
    <ignored/>
  </testcase> <!-- @AfterTest tear -->
  <testcase name="@BeforeSuite launch" time="0.0" classname="Background.Browserdriver">
    <ignored/>
  </testcase> <!-- @BeforeSuite launch -->
</testsuite> <!-- EDGEBROWSER -->
