<?xml version="1.0" encoding="UTF-8"?>
<!-- Generated by org.testng.reporters.JUnitXMLReporter -->
<testsuite hostname="DESKTOP-VTBT3RG" ignored="4" name="Test" tests="7" failures="0" timestamp="13 Feb 2022 05:01:15 GMT" time="163.04" errors="0">
  <testcase name="validsearch" time="17.602" classname="Testcase.FlightsearchTestcase"/>
  <testcase name="validsearch" time="16.824" classname="Testcase.FlightsearchTestcase"/>
  <testcase name="validsearch" time="76.41" classname="Testcase.FlightsearchTestcase"/>
  <testcase name="invalidsearch" time="13.947" classname="Testcase.FlightsearchTestcase"/>
  <testcase name="invalidsearch" time="16.429" classname="Testcase.FlightsearchTestcase"/>
  <testcase name="invalidsearch" time="16.933" classname="Testcase.FlightsearchTestcase"/>
  <testcase name="validsearchList" time="0.001" classname="Testcase.SearchListTestcase"/>
  <testcase name="@BeforeSuite launch" time="0.0" classname="Background.Browserdriver">
    <ignored/>
  </testcase> <!-- @BeforeSuite launch -->
  <testcase name="@BeforeTest launchurl" time="0.0" classname="Background.Browserdriver">
    <ignored/>
  </testcase> <!-- @BeforeTest launchurl -->
  <testcase name="@AfterSuite teardonw" time="0.0" classname="Background.Browserdriver">
    <ignored/>
  </testcase> <!-- @AfterSuite teardonw -->
  <testcase name="@AfterTest tear" time="0.0" classname="Background.Browserdriver">
    <ignored/>
  </testcase> <!-- @AfterTest tear -->
</testsuite> <!-- Test -->
