<?xml version="1.0" encoding="UTF-8"?>
<testng-results skipped="0" failed="1" ignored="4" total="11" passed="6">
  <reporter-output>
  </reporter-output>
  <suite name="Suite" duration-ms="93870" started-at="2022-02-12T05:25:33Z" finished-at="2022-02-12T05:27:07Z">
    <groups>
    </groups>
    <test name="Test" duration-ms="93870" started-at="2022-02-12T05:25:33Z" finished-at="2022-02-12T05:27:07Z">
      <class name="Testcase.SearchListTestcase">
        <test-method status="PASS" signature="validsearchList()[pri:2, instance:Testcase.SearchListTestcase@1622f1b]" name="validsearchList" duration-ms="1" started-at="2022-02-12T10:57:06Z" finished-at="2022-02-12T10:57:06Z">
          <reporter-output>
          </reporter-output>
        </test-method> <!-- validsearchList -->
      </class> <!-- Testcase.SearchListTestcase -->
      <class name="Testcase.FlightsearchTestcase">
        <test-method status="PASS" signature="launch()[pri:0, instance:Testcase.FlightsearchTestcase@3e92efc3]" name="launch" is-config="true" duration-ms="67" started-at="2022-02-12T10:55:33Z" finished-at="2022-02-12T10:55:33Z">
          <reporter-output>
          </reporter-output>
        </test-method> <!-- launch -->
        <test-method status="PASS" signature="launchurl()[pri:0, instance:Testcase.FlightsearchTestcase@3e92efc3]" name="launchurl" is-config="true" duration-ms="4236" started-at="2022-02-12T10:55:33Z" finished-at="2022-02-12T10:55:37Z">
          <reporter-output>
          </reporter-output>
        </test-method> <!-- launchurl -->
        <test-method status="PASS" signature="validsearch(java.lang.String, java.lang.String, java.lang.String, java.lang.String)[pri:0, instance:Testcase.FlightsearchTestcase@3e92efc3]" name="validsearch" duration-ms="15654" started-at="2022-02-12T10:55:37Z" data-provider="Excelinput" finished-at="2022-02-12T10:55:53Z">
          <params>
            <param index="0">
              <value>
                <![CDATA[BKK]]>
              </value>
            </param>
            <param index="1">
              <value>
                <![CDATA[MAA]]>
              </value>
            </param>
            <param index="2">
              <value>
                <![CDATA[2/14/22]]>
              </value>
            </param>
            <param index="3">
              <value>
                <![CDATA[2/14/22]]>
              </value>
            </param>
          </params>
          <reporter-output>
          </reporter-output>
        </test-method> <!-- validsearch -->
        <test-method status="PASS" signature="validsearch(java.lang.String, java.lang.String, java.lang.String, java.lang.String)[pri:0, instance:Testcase.FlightsearchTestcase@3e92efc3]" name="validsearch" duration-ms="4536" started-at="2022-02-12T10:55:53Z" data-provider="Excelinput" finished-at="2022-02-12T10:55:58Z">
          <params>
            <param index="0">
              <value>
                <![CDATA[GOI]]>
              </value>
            </param>
            <param index="1">
              <value>
                <![CDATA[DEL]]>
              </value>
            </param>
            <param index="2">
              <value>
                <![CDATA[2/18/22]]>
              </value>
            </param>
            <param index="3">
              <value>
                <![CDATA[2/18/22]]>
              </value>
            </param>
          </params>
          <reporter-output>
          </reporter-output>
        </test-method> <!-- validsearch -->
        <test-method status="FAIL" signature="validsearch(java.lang.String, java.lang.String, java.lang.String, java.lang.String)[pri:0, instance:Testcase.FlightsearchTestcase@3e92efc3]" name="validsearch" duration-ms="32149" started-at="2022-02-12T10:55:58Z" data-provider="Excelinput" finished-at="2022-02-12T10:56:30Z">
          <params>
            <param index="0">
              <value>
                <![CDATA[PNQ]]>
              </value>
            </param>
            <param index="1">
              <value>
                <![CDATA[HKG]]>
              </value>
            </param>
            <param index="2">
              <value>
                <![CDATA[2/25/22]]>
              </value>
            </param>
            <param index="3">
              <value>
                <![CDATA[2/25/22]]>
              </value>
            </param>
          </params>
          <exception class="org.openqa.selenium.WebDriverException">
            <message>
              <![CDATA[chrome not reachable
  (Session info: chrome=98.0.4758.82)
Build info: version: '3.141.59', revision: 'e82be7d358', time: '2018-11-14T08:17:03'
System info: host: 'DESKTOP-VTBT3RG', ip: '192.168.0.109', os.name: 'Windows 10', os.arch: 'amd64', os.version: '10.0', java.version: '1.8.0_301'
Driver info: org.openqa.selenium.chrome.ChromeDriver
Capabilities {acceptInsecureCerts: false, browserName: chrome, browserVersion: 98.0.4758.82, chrome: {chromedriverVersion: 97.0.4692.71 (adefa7837d02a..., userDataDir: C:\Users\sathishkumar\AppDa...}, goog:chromeOptions: {debuggerAddress: localhost:62958}, javascriptEnabled: true, networkConnectionEnabled: false, pageLoadStrategy: normal, platform: WINDOWS, platformName: WINDOWS, proxy: Proxy(), setWindowRect: true, strictFileInteractability: false, timeouts: {implicit: 0, pageLoad: 300000, script: 30000}, unhandledPromptBehavior: dismiss and notify, webauthn:extension:credBlob: true, webauthn:extension:largeBlob: true, webauthn:virtualAuthenticators: true}
Session ID: f8ca82ca256c49e1bda82cb49c69715d]]>
            </message>
            <full-stacktrace>
              <![CDATA[org.openqa.selenium.WebDriverException: chrome not reachable
  (Session info: chrome=98.0.4758.82)
Build info: version: '3.141.59', revision: 'e82be7d358', time: '2018-11-14T08:17:03'
System info: host: 'DESKTOP-VTBT3RG', ip: '192.168.0.109', os.name: 'Windows 10', os.arch: 'amd64', os.version: '10.0', java.version: '1.8.0_301'
Driver info: org.openqa.selenium.chrome.ChromeDriver
Capabilities {acceptInsecureCerts: false, browserName: chrome, browserVersion: 98.0.4758.82, chrome: {chromedriverVersion: 97.0.4692.71 (adefa7837d02a..., userDataDir: C:\Users\sathishkumar\AppDa...}, goog:chromeOptions: {debuggerAddress: localhost:62958}, javascriptEnabled: true, networkConnectionEnabled: false, pageLoadStrategy: normal, platform: WINDOWS, platformName: WINDOWS, proxy: Proxy(), setWindowRect: true, strictFileInteractability: false, timeouts: {implicit: 0, pageLoad: 300000, script: 30000}, unhandledPromptBehavior: dismiss and notify, webauthn:extension:credBlob: true, webauthn:extension:largeBlob: true, webauthn:virtualAuthenticators: true}
Session ID: f8ca82ca256c49e1bda82cb49c69715d
	at sun.reflect.NativeConstructorAccessorImpl.newInstance0(Native Method)
	at sun.reflect.NativeConstructorAccessorImpl.newInstance(NativeConstructorAccessorImpl.java:62)
	at sun.reflect.DelegatingConstructorAccessorImpl.newInstance(DelegatingConstructorAccessorImpl.java:45)
	at java.lang.reflect.Constructor.newInstance(Constructor.java:423)
	at org.openqa.selenium.remote.http.W3CHttpResponseCodec.createException(W3CHttpResponseCodec.java:187)
	at org.openqa.selenium.remote.http.W3CHttpResponseCodec.decode(W3CHttpResponseCodec.java:122)
	at org.openqa.selenium.remote.http.W3CHttpResponseCodec.decode(W3CHttpResponseCodec.java:49)
	at org.openqa.selenium.remote.HttpCommandExecutor.execute(HttpCommandExecutor.java:158)
	at org.openqa.selenium.remote.service.DriverCommandExecutor.execute(DriverCommandExecutor.java:83)
	at org.openqa.selenium.remote.RemoteWebDriver.execute(RemoteWebDriver.java:552)
	at org.openqa.selenium.remote.RemoteWebDriver.execute(RemoteWebDriver.java:609)
	at org.openqa.selenium.remote.RemoteWebDriver$RemoteNavigation.back(RemoteWebDriver.java:849)
	at Testcase.FlightsearchTestcase.validsearch(FlightsearchTestcase.java:72)
	at sun.reflect.NativeMethodAccessorImpl.invoke0(Native Method)
	at sun.reflect.NativeMethodAccessorImpl.invoke(NativeMethodAccessorImpl.java:62)
	at sun.reflect.DelegatingMethodAccessorImpl.invoke(DelegatingMethodAccessorImpl.java:43)
	at java.lang.reflect.Method.invoke(Method.java:498)
	at org.testng.internal.MethodInvocationHelper.invokeMethod(MethodInvocationHelper.java:104)
	at org.testng.internal.Invoker.invokeMethod(Invoker.java:645)
	at org.testng.internal.Invoker.invokeTestMethod(Invoker.java:851)
	at org.testng.internal.Invoker.invokeTestMethods(Invoker.java:1177)
	at org.testng.internal.TestMethodWorker.invokeTestMethods(TestMethodWorker.java:129)
	at org.testng.internal.TestMethodWorker.run(TestMethodWorker.java:112)
	at org.testng.TestRunner.privateRun(TestRunner.java:756)
	at org.testng.TestRunner.run(TestRunner.java:610)
	at org.testng.SuiteRunner.runTest(SuiteRunner.java:387)
	at org.testng.SuiteRunner.runSequentially(SuiteRunner.java:382)
	at org.testng.SuiteRunner.privateRun(SuiteRunner.java:340)
	at org.testng.SuiteRunner.run(SuiteRunner.java:289)
	at org.testng.SuiteRunnerWorker.runSuite(SuiteRunnerWorker.java:52)
	at org.testng.SuiteRunnerWorker.run(SuiteRunnerWorker.java:86)
	at org.testng.TestNG.runSuitesSequentially(TestNG.java:1293)
	at org.testng.TestNG.runSuitesLocally(TestNG.java:1218)
	at org.testng.TestNG.runSuites(TestNG.java:1133)
	at org.testng.TestNG.run(TestNG.java:1104)
	at org.apache.maven.surefire.testng.TestNGExecutor.run(TestNGExecutor.java:283)
	at org.apache.maven.surefire.testng.TestNGXmlTestSuite.execute(TestNGXmlTestSuite.java:75)
	at org.apache.maven.surefire.testng.TestNGProvider.invoke(TestNGProvider.java:120)
	at org.apache.maven.surefire.booter.ForkedBooter.invokeProviderInSameClassLoader(ForkedBooter.java:384)
	at org.apache.maven.surefire.booter.ForkedBooter.runSuitesInProcess(ForkedBooter.java:345)
	at org.apache.maven.surefire.booter.ForkedBooter.execute(ForkedBooter.java:126)
	at org.apache.maven.surefire.booter.ForkedBooter.main(ForkedBooter.java:418)
]]>
            </full-stacktrace>
          </exception> <!-- org.openqa.selenium.WebDriverException -->
          <reporter-output>
          </reporter-output>
        </test-method> <!-- validsearch -->
        <test-method status="PASS" signature="invalidsearch(java.lang.String, java.lang.String, java.lang.String, java.lang.String)[pri:1, instance:Testcase.FlightsearchTestcase@3e92efc3]" name="invalidsearch" duration-ms="12133" started-at="2022-02-12T10:56:30Z" data-provider="Excelinput" finished-at="2022-02-12T10:56:42Z">
          <params>
            <param index="0">
              <value>
                <![CDATA[BKK]]>
              </value>
            </param>
            <param index="1">
              <value>
                <![CDATA[MAA]]>
              </value>
            </param>
            <param index="2">
              <value>
                <![CDATA[2/14/22]]>
              </value>
            </param>
            <param index="3">
              <value>
                <![CDATA[2/14/22]]>
              </value>
            </param>
          </params>
          <reporter-output>
          </reporter-output>
        </test-method> <!-- invalidsearch -->
        <test-method status="PASS" signature="invalidsearch(java.lang.String, java.lang.String, java.lang.String, java.lang.String)[pri:1, instance:Testcase.FlightsearchTestcase@3e92efc3]" name="invalidsearch" duration-ms="12123" started-at="2022-02-12T10:56:42Z" data-provider="Excelinput" finished-at="2022-02-12T10:56:54Z">
          <params>
            <param index="0">
              <value>
                <![CDATA[GOI]]>
              </value>
            </param>
            <param index="1">
              <value>
                <![CDATA[DEL]]>
              </value>
            </param>
            <param index="2">
              <value>
                <![CDATA[2/18/22]]>
              </value>
            </param>
            <param index="3">
              <value>
                <![CDATA[2/18/22]]>
              </value>
            </param>
          </params>
          <reporter-output>
          </reporter-output>
        </test-method> <!-- invalidsearch -->
        <test-method status="PASS" signature="invalidsearch(java.lang.String, java.lang.String, java.lang.String, java.lang.String)[pri:1, instance:Testcase.FlightsearchTestcase@3e92efc3]" name="invalidsearch" duration-ms="12199" started-at="2022-02-12T10:56:54Z" data-provider="Excelinput" finished-at="2022-02-12T10:57:06Z">
          <params>
            <param index="0">
              <value>
                <![CDATA[PNQ]]>
              </value>
            </param>
            <param index="1">
              <value>
                <![CDATA[HKG]]>
              </value>
            </param>
            <param index="2">
              <value>
                <![CDATA[2/25/22]]>
              </value>
            </param>
            <param index="3">
              <value>
                <![CDATA[2/25/22]]>
              </value>
            </param>
          </params>
          <reporter-output>
          </reporter-output>
        </test-method> <!-- invalidsearch -->
        <test-method status="PASS" signature="tear()[pri:0, instance:Testcase.FlightsearchTestcase@3e92efc3]" name="tear" is-config="true" duration-ms="619" started-at="2022-02-12T10:57:06Z" finished-at="2022-02-12T10:57:07Z">
          <reporter-output>
          </reporter-output>
        </test-method> <!-- tear -->
        <test-method status="PASS" signature="teardonw()[pri:0, instance:Testcase.FlightsearchTestcase@3e92efc3]" name="teardonw" is-config="true" duration-ms="141" started-at="2022-02-12T10:57:07Z" finished-at="2022-02-12T10:57:07Z">
          <reporter-output>
          </reporter-output>
        </test-method> <!-- teardonw -->
      </class> <!-- Testcase.FlightsearchTestcase -->
    </test> <!-- Test -->
  </suite> <!-- Suite -->
</testng-results>
