<?xml version="1.0" encoding="UTF-8"?>
<testng-results skipped="0" failed="0" ignored="8" total="22" passed="14">
  <reporter-output>
  </reporter-output>
  <suite name="Suite" duration-ms="174622" started-at="2022-02-13T11:32:16 IST" finished-at="2022-02-13T11:35:10 IST">
    <groups>
    </groups>
    <test name="EDGEBROWSER" duration-ms="172922" started-at="2022-02-13T11:32:16 IST" finished-at="2022-02-13T11:35:09 IST">
      <class name="Testcase.SearchListTestcase">
        <test-method status="PASS" signature="validsearchList()[pri:2, instance:Testcase.SearchListTestcase@176d53b2]" name="validsearchList" duration-ms="0" started-at="2022-02-13T11:35:08 IST" finished-at="2022-02-13T11:35:08 IST">
          <reporter-output>
          </reporter-output>
        </test-method> <!-- validsearchList -->
      </class> <!-- Testcase.SearchListTestcase -->
      <class name="Testcase.FlightsearchTestcase">
        <test-method status="PASS" signature="launch()[pri:0, instance:Testcase.FlightsearchTestcase@491666ad]" name="launch" is-config="true" duration-ms="62" started-at="2022-02-13T11:32:16 IST" finished-at="2022-02-13T11:32:16 IST">
          <reporter-output>
          </reporter-output>
        </test-method> <!-- launch -->
        <test-method status="PASS" signature="launchurl(java.lang.String)[pri:0, instance:Testcase.FlightsearchTestcase@491666ad]" name="launchurl" is-config="true" duration-ms="11000" started-at="2022-02-13T11:32:16 IST" finished-at="2022-02-13T11:32:27 IST">
          <params>
            <param index="0">
              <value>
                <![CDATA[chrome]]>
              </value>
            </param>
          </params>
          <reporter-output>
          </reporter-output>
        </test-method> <!-- launchurl -->
        <test-method status="PASS" signature="validsearch(java.lang.String,java.lang.String,java.lang.String,java.lang.String)[pri:0, instance:Testcase.FlightsearchTestcase@491666ad]" name="validsearch" duration-ms="16906" started-at="2022-02-13T11:32:27 IST" data-provider="Excelinput" finished-at="2022-02-13T11:32:44 IST">
          <params>
            <param index="0">
              <value>
                <![CDATA[BKK]]>
              </value>
            </param>
            <param index="1">
              <value>
                <![CDATA[MAA]]>
              </value>
            </param>
            <param index="2">
              <value>
                <![CDATA[2/14/22]]>
              </value>
            </param>
            <param index="3">
              <value>
                <![CDATA[2/14/22]]>
              </value>
            </param>
          </params>
          <reporter-output>
          </reporter-output>
        </test-method> <!-- validsearch -->
        <test-method status="PASS" signature="validsearch(java.lang.String,java.lang.String,java.lang.String,java.lang.String)[pri:0, instance:Testcase.FlightsearchTestcase@491666ad]" name="validsearch" duration-ms="19064" started-at="2022-02-13T11:32:44 IST" data-provider="Excelinput" finished-at="2022-02-13T11:33:03 IST">
          <params>
            <param index="0">
              <value>
                <![CDATA[GOI]]>
              </value>
            </param>
            <param index="1">
              <value>
                <![CDATA[DEL]]>
              </value>
            </param>
            <param index="2">
              <value>
                <![CDATA[2/18/22]]>
              </value>
            </param>
            <param index="3">
              <value>
                <![CDATA[2/18/22]]>
              </value>
            </param>
          </params>
          <reporter-output>
          </reporter-output>
        </test-method> <!-- validsearch -->
        <test-method status="PASS" signature="validsearch(java.lang.String,java.lang.String,java.lang.String,java.lang.String)[pri:0, instance:Testcase.FlightsearchTestcase@491666ad]" name="validsearch" duration-ms="77744" started-at="2022-02-13T11:33:03 IST" data-provider="Excelinput" finished-at="2022-02-13T11:34:21 IST">
          <params>
            <param index="0">
              <value>
                <![CDATA[PNQ]]>
              </value>
            </param>
            <param index="1">
              <value>
                <![CDATA[HKG]]>
              </value>
            </param>
            <param index="2">
              <value>
                <![CDATA[2/25/22]]>
              </value>
            </param>
            <param index="3">
              <value>
                <![CDATA[2/25/22]]>
              </value>
            </param>
          </params>
          <reporter-output>
          </reporter-output>
        </test-method> <!-- validsearch -->
        <test-method status="PASS" signature="invalidsearch(java.lang.String,java.lang.String,java.lang.String,java.lang.String)[pri:1, instance:Testcase.FlightsearchTestcase@491666ad]" name="invalidsearch" duration-ms="13718" started-at="2022-02-13T11:34:21 IST" data-provider="Excelinput" finished-at="2022-02-13T11:34:34 IST">
          <params>
            <param index="0">
              <value>
                <![CDATA[BKK]]>
              </value>
            </param>
            <param index="1">
              <value>
                <![CDATA[MAA]]>
              </value>
            </param>
            <param index="2">
              <value>
                <![CDATA[2/14/22]]>
              </value>
            </param>
            <param index="3">
              <value>
                <![CDATA[2/14/22]]>
              </value>
            </param>
          </params>
          <reporter-output>
          </reporter-output>
        </test-method> <!-- invalidsearch -->
        <test-method status="PASS" signature="invalidsearch(java.lang.String,java.lang.String,java.lang.String,java.lang.String)[pri:1, instance:Testcase.FlightsearchTestcase@491666ad]" name="invalidsearch" duration-ms="16628" started-at="2022-02-13T11:34:34 IST" data-provider="Excelinput" finished-at="2022-02-13T11:34:51 IST">
          <params>
            <param index="0">
              <value>
                <![CDATA[GOI]]>
              </value>
            </param>
            <param index="1">
              <value>
                <![CDATA[DEL]]>
              </value>
            </param>
            <param index="2">
              <value>
                <![CDATA[2/18/22]]>
              </value>
            </param>
            <param index="3">
              <value>
                <![CDATA[2/18/22]]>
              </value>
            </param>
          </params>
          <reporter-output>
          </reporter-output>
        </test-method> <!-- invalidsearch -->
        <test-method status="PASS" signature="invalidsearch(java.lang.String,java.lang.String,java.lang.String,java.lang.String)[pri:1, instance:Testcase.FlightsearchTestcase@491666ad]" name="invalidsearch" duration-ms="17153" started-at="2022-02-13T11:34:51 IST" data-provider="Excelinput" finished-at="2022-02-13T11:35:08 IST">
          <params>
            <param index="0">
              <value>
                <![CDATA[PNQ]]>
              </value>
            </param>
            <param index="1">
              <value>
                <![CDATA[HKG]]>
              </value>
            </param>
            <param index="2">
              <value>
                <![CDATA[2/25/22]]>
              </value>
            </param>
            <param index="3">
              <value>
                <![CDATA[2/25/22]]>
              </value>
            </param>
          </params>
          <reporter-output>
          </reporter-output>
        </test-method> <!-- invalidsearch -->
        <test-method status="PASS" signature="tear()[pri:0, instance:Testcase.FlightsearchTestcase@491666ad]" name="tear" is-config="true" duration-ms="686" started-at="2022-02-13T11:35:08 IST" finished-at="2022-02-13T11:35:09 IST">
          <reporter-output>
          </reporter-output>
        </test-method> <!-- tear -->
        <test-method status="PASS" signature="teardonw()[pri:0, instance:Testcase.FlightsearchTestcase@491666ad]" name="teardonw" is-config="true" duration-ms="142" started-at="2022-02-13T11:35:10 IST" finished-at="2022-02-13T11:35:11 IST">
          <reporter-output>
          </reporter-output>
        </test-method> <!-- teardonw -->
      </class> <!-- Testcase.FlightsearchTestcase -->
    </test> <!-- EDGEBROWSER -->
    <test name="CHROMEBROWSER" duration-ms="174622" started-at="2022-02-13T11:32:16 IST" finished-at="2022-02-13T11:35:10 IST">
      <class name="Testcase.SearchListTestcase">
        <test-method status="PASS" signature="validsearchList()[pri:2, instance:Testcase.SearchListTestcase@19dc67c2]" name="validsearchList" duration-ms="1" started-at="2022-02-13T11:35:09 IST" finished-at="2022-02-13T11:35:09 IST">
          <reporter-output>
          </reporter-output>
        </test-method> <!-- validsearchList -->
      </class> <!-- Testcase.SearchListTestcase -->
      <class name="Testcase.FlightsearchTestcase">
        <test-method status="PASS" signature="launchurl(java.lang.String)[pri:0, instance:Testcase.FlightsearchTestcase@1e9e725a]" name="launchurl" is-config="true" duration-ms="10442" started-at="2022-02-13T11:32:16 IST" finished-at="2022-02-13T11:32:26 IST">
          <params>
            <param index="0">
              <value>
                <![CDATA[edge]]>
              </value>
            </param>
          </params>
          <reporter-output>
          </reporter-output>
        </test-method> <!-- launchurl -->
        <test-method status="PASS" signature="validsearch(java.lang.String,java.lang.String,java.lang.String,java.lang.String)[pri:0, instance:Testcase.FlightsearchTestcase@1e9e725a]" name="validsearch" duration-ms="17967" started-at="2022-02-13T11:32:26 IST" data-provider="Excelinput" finished-at="2022-02-13T11:32:44 IST">
          <params>
            <param index="0">
              <value>
                <![CDATA[BKK]]>
              </value>
            </param>
            <param index="1">
              <value>
                <![CDATA[MAA]]>
              </value>
            </param>
            <param index="2">
              <value>
                <![CDATA[2/14/22]]>
              </value>
            </param>
            <param index="3">
              <value>
                <![CDATA[2/14/22]]>
              </value>
            </param>
          </params>
          <reporter-output>
          </reporter-output>
        </test-method> <!-- validsearch -->
        <test-method status="PASS" signature="validsearch(java.lang.String,java.lang.String,java.lang.String,java.lang.String)[pri:0, instance:Testcase.FlightsearchTestcase@1e9e725a]" name="validsearch" duration-ms="19646" started-at="2022-02-13T11:32:44 IST" data-provider="Excelinput" finished-at="2022-02-13T11:33:04 IST">
          <params>
            <param index="0">
              <value>
                <![CDATA[GOI]]>
              </value>
            </param>
            <param index="1">
              <value>
                <![CDATA[DEL]]>
              </value>
            </param>
            <param index="2">
              <value>
                <![CDATA[2/18/22]]>
              </value>
            </param>
            <param index="3">
              <value>
                <![CDATA[2/18/22]]>
              </value>
            </param>
          </params>
          <reporter-output>
          </reporter-output>
        </test-method> <!-- validsearch -->
        <test-method status="PASS" signature="validsearch(java.lang.String,java.lang.String,java.lang.String,java.lang.String)[pri:0, instance:Testcase.FlightsearchTestcase@1e9e725a]" name="validsearch" duration-ms="78018" started-at="2022-02-13T11:33:04 IST" data-provider="Excelinput" finished-at="2022-02-13T11:34:22 IST">
          <params>
            <param index="0">
              <value>
                <![CDATA[PNQ]]>
              </value>
            </param>
            <param index="1">
              <value>
                <![CDATA[HKG]]>
              </value>
            </param>
            <param index="2">
              <value>
                <![CDATA[2/25/22]]>
              </value>
            </param>
            <param index="3">
              <value>
                <![CDATA[2/25/22]]>
              </value>
            </param>
          </params>
          <reporter-output>
          </reporter-output>
        </test-method> <!-- validsearch -->
        <test-method status="PASS" signature="invalidsearch(java.lang.String,java.lang.String,java.lang.String,java.lang.String)[pri:1, instance:Testcase.FlightsearchTestcase@1e9e725a]" name="invalidsearch" duration-ms="13658" started-at="2022-02-13T11:34:22 IST" data-provider="Excelinput" finished-at="2022-02-13T11:34:36 IST">
          <params>
            <param index="0">
              <value>
                <![CDATA[BKK]]>
              </value>
            </param>
            <param index="1">
              <value>
                <![CDATA[MAA]]>
              </value>
            </param>
            <param index="2">
              <value>
                <![CDATA[2/14/22]]>
              </value>
            </param>
            <param index="3">
              <value>
                <![CDATA[2/14/22]]>
              </value>
            </param>
          </params>
          <reporter-output>
          </reporter-output>
        </test-method> <!-- invalidsearch -->
        <test-method status="PASS" signature="invalidsearch(java.lang.String,java.lang.String,java.lang.String,java.lang.String)[pri:1, instance:Testcase.FlightsearchTestcase@1e9e725a]" name="invalidsearch" duration-ms="16709" started-at="2022-02-13T11:34:36 IST" data-provider="Excelinput" finished-at="2022-02-13T11:34:52 IST">
          <params>
            <param index="0">
              <value>
                <![CDATA[GOI]]>
              </value>
            </param>
            <param index="1">
              <value>
                <![CDATA[DEL]]>
              </value>
            </param>
            <param index="2">
              <value>
                <![CDATA[2/18/22]]>
              </value>
            </param>
            <param index="3">
              <value>
                <![CDATA[2/18/22]]>
              </value>
            </param>
          </params>
          <reporter-output>
          </reporter-output>
        </test-method> <!-- invalidsearch -->
        <test-method status="PASS" signature="invalidsearch(java.lang.String,java.lang.String,java.lang.String,java.lang.String)[pri:1, instance:Testcase.FlightsearchTestcase@1e9e725a]" name="invalidsearch" duration-ms="17002" started-at="2022-02-13T11:34:52 IST" data-provider="Excelinput" finished-at="2022-02-13T11:35:09 IST">
          <params>
            <param index="0">
              <value>
                <![CDATA[PNQ]]>
              </value>
            </param>
            <param index="1">
              <value>
                <![CDATA[HKG]]>
              </value>
            </param>
            <param index="2">
              <value>
                <![CDATA[2/25/22]]>
              </value>
            </param>
            <param index="3">
              <value>
                <![CDATA[2/25/22]]>
              </value>
            </param>
          </params>
          <reporter-output>
          </reporter-output>
        </test-method> <!-- invalidsearch -->
        <test-method status="PASS" signature="tear()[pri:0, instance:Testcase.FlightsearchTestcase@1e9e725a]" name="tear" is-config="true" duration-ms="943" started-at="2022-02-13T11:35:09 IST" finished-at="2022-02-13T11:35:10 IST">
          <reporter-output>
          </reporter-output>
        </test-method> <!-- tear -->
      </class> <!-- Testcase.FlightsearchTestcase -->
    </test> <!-- CHROMEBROWSER -->
  </suite> <!-- Suite -->
</testng-results>
