<?xml version="1.0" encoding="UTF-8"?>
<testng-results skipped="0" failed="1" ignored="4" total="11" passed="6">
  <reporter-output>
  </reporter-output>
  <suite name="Suite" duration-ms="99812" started-at="2022-02-12T05:19:12Z" finished-at="2022-02-12T05:20:52Z">
    <groups>
    </groups>
    <test name="Test" duration-ms="99812" started-at="2022-02-12T05:19:12Z" finished-at="2022-02-12T05:20:52Z">
      <class name="Testcase.SearchListTestcase">
        <test-method status="PASS" signature="validsearchList()[pri:2, instance:Testcase.SearchListTestcase@359f7cdf]" name="validsearchList" duration-ms="1" started-at="2022-02-12T10:50:51Z" finished-at="2022-02-12T10:50:51Z">
          <reporter-output>
          </reporter-output>
        </test-method> <!-- validsearchList -->
      </class> <!-- Testcase.SearchListTestcase -->
      <class name="Testcase.FlightsearchTestcase">
        <test-method status="PASS" signature="launch()[pri:0, instance:Testcase.FlightsearchTestcase@4f18837a]" name="launch" is-config="true" duration-ms="74" started-at="2022-02-12T10:49:12Z" finished-at="2022-02-12T10:49:12Z">
          <reporter-output>
          </reporter-output>
        </test-method> <!-- launch -->
        <test-method status="PASS" signature="launchurl()[pri:0, instance:Testcase.FlightsearchTestcase@4f18837a]" name="launchurl" is-config="true" duration-ms="4602" started-at="2022-02-12T10:49:12Z" finished-at="2022-02-12T10:49:17Z">
          <reporter-output>
          </reporter-output>
        </test-method> <!-- launchurl -->
        <test-method status="PASS" signature="validsearch(java.lang.String, java.lang.String, java.lang.String, java.lang.String)[pri:0, instance:Testcase.FlightsearchTestcase@4f18837a]" name="validsearch" duration-ms="15847" started-at="2022-02-12T10:49:17Z" data-provider="Excelinput" finished-at="2022-02-12T10:49:33Z">
          <params>
            <param index="0">
              <value>
                <![CDATA[BKK]]>
              </value>
            </param>
            <param index="1">
              <value>
                <![CDATA[MAA]]>
              </value>
            </param>
            <param index="2">
              <value>
                <![CDATA[2/14/22]]>
              </value>
            </param>
            <param index="3">
              <value>
                <![CDATA[2/14/22]]>
              </value>
            </param>
          </params>
          <reporter-output>
          </reporter-output>
        </test-method> <!-- validsearch -->
        <test-method status="PASS" signature="validsearch(java.lang.String, java.lang.String, java.lang.String, java.lang.String)[pri:0, instance:Testcase.FlightsearchTestcase@4f18837a]" name="validsearch" duration-ms="4499" started-at="2022-02-12T10:49:33Z" data-provider="Excelinput" finished-at="2022-02-12T10:49:37Z">
          <params>
            <param index="0">
              <value>
                <![CDATA[GOI]]>
              </value>
            </param>
            <param index="1">
              <value>
                <![CDATA[DEL]]>
              </value>
            </param>
            <param index="2">
              <value>
                <![CDATA[2/18/22]]>
              </value>
            </param>
            <param index="3">
              <value>
                <![CDATA[2/18/22]]>
              </value>
            </param>
          </params>
          <reporter-output>
          </reporter-output>
        </test-method> <!-- validsearch -->
        <test-method status="FAIL" signature="validsearch(java.lang.String, java.lang.String, java.lang.String, java.lang.String)[pri:0, instance:Testcase.FlightsearchTestcase@4f18837a]" name="validsearch" duration-ms="37440" started-at="2022-02-12T10:49:37Z" data-provider="Excelinput" finished-at="2022-02-12T10:50:15Z">
          <params>
            <param index="0">
              <value>
                <![CDATA[PNQ]]>
              </value>
            </param>
            <param index="1">
              <value>
                <![CDATA[HKG]]>
              </value>
            </param>
            <param index="2">
              <value>
                <![CDATA[2/25/22]]>
              </value>
            </param>
            <param index="3">
              <value>
                <![CDATA[2/25/22]]>
              </value>
            </param>
          </params>
          <exception class="org.openqa.selenium.WebDriverException">
            <message>
              <![CDATA[chrome not reachable
  (Session info: chrome=98.0.4758.82)
Build info: version: '3.141.59', revision: 'e82be7d358', time: '2018-11-14T08:17:03'
System info: host: 'DESKTOP-VTBT3RG', ip: '192.168.0.109', os.name: 'Windows 10', os.arch: 'amd64', os.version: '10.0', java.version: '1.8.0_301'
Driver info: org.openqa.selenium.chrome.ChromeDriver
Capabilities {acceptInsecureCerts: false, browserName: chrome, browserVersion: 98.0.4758.82, chrome: {chromedriverVersion: 97.0.4692.71 (adefa7837d02a..., userDataDir: C:\Users\sathishkumar\AppDa...}, goog:chromeOptions: {debuggerAddress: localhost:61567}, javascriptEnabled: true, networkConnectionEnabled: false, pageLoadStrategy: normal, platform: WINDOWS, platformName: WINDOWS, proxy: Proxy(), setWindowRect: true, strictFileInteractability: false, timeouts: {implicit: 0, pageLoad: 300000, script: 30000}, unhandledPromptBehavior: dismiss and notify, webauthn:extension:credBlob: true, webauthn:extension:largeBlob: true, webauthn:virtualAuthenticators: true}
Session ID: b25dafc7073831224515c81e0a507d07]]>
            </message>
            <full-stacktrace>
              <![CDATA[org.openqa.selenium.WebDriverException: chrome not reachable
  (Session info: chrome=98.0.4758.82)
Build info: version: '3.141.59', revision: 'e82be7d358', time: '2018-11-14T08:17:03'
System info: host: 'DESKTOP-VTBT3RG', ip: '192.168.0.109', os.name: 'Windows 10', os.arch: 'amd64', os.version: '10.0', java.version: '1.8.0_301'
Driver info: org.openqa.selenium.chrome.ChromeDriver
Capabilities {acceptInsecureCerts: false, browserName: chrome, browserVersion: 98.0.4758.82, chrome: {chromedriverVersion: 97.0.4692.71 (adefa7837d02a..., userDataDir: C:\Users\sathishkumar\AppDa...}, goog:chromeOptions: {debuggerAddress: localhost:61567}, javascriptEnabled: true, networkConnectionEnabled: false, pageLoadStrategy: normal, platform: WINDOWS, platformName: WINDOWS, proxy: Proxy(), setWindowRect: true, strictFileInteractability: false, timeouts: {implicit: 0, pageLoad: 300000, script: 30000}, unhandledPromptBehavior: dismiss and notify, webauthn:extension:credBlob: true, webauthn:extension:largeBlob: true, webauthn:virtualAuthenticators: true}
Session ID: b25dafc7073831224515c81e0a507d07
	at sun.reflect.NativeConstructorAccessorImpl.newInstance0(Native Method)
	at sun.reflect.NativeConstructorAccessorImpl.newInstance(NativeConstructorAccessorImpl.java:62)
	at sun.reflect.DelegatingConstructorAccessorImpl.newInstance(DelegatingConstructorAccessorImpl.java:45)
	at java.lang.reflect.Constructor.newInstance(Constructor.java:423)
	at org.openqa.selenium.remote.http.W3CHttpResponseCodec.createException(W3CHttpResponseCodec.java:187)
	at org.openqa.selenium.remote.http.W3CHttpResponseCodec.decode(W3CHttpResponseCodec.java:122)
	at org.openqa.selenium.remote.http.W3CHttpResponseCodec.decode(W3CHttpResponseCodec.java:49)
	at org.openqa.selenium.remote.HttpCommandExecutor.execute(HttpCommandExecutor.java:158)
	at org.openqa.selenium.remote.service.DriverCommandExecutor.execute(DriverCommandExecutor.java:83)
	at org.openqa.selenium.remote.RemoteWebDriver.execute(RemoteWebDriver.java:552)
	at org.openqa.selenium.remote.RemoteWebDriver.execute(RemoteWebDriver.java:609)
	at org.openqa.selenium.remote.RemoteWebDriver$RemoteNavigation.back(RemoteWebDriver.java:849)
	at Testcase.FlightsearchTestcase.validsearch(FlightsearchTestcase.java:72)
	at sun.reflect.NativeMethodAccessorImpl.invoke0(Native Method)
	at sun.reflect.NativeMethodAccessorImpl.invoke(NativeMethodAccessorImpl.java:62)
	at sun.reflect.DelegatingMethodAccessorImpl.invoke(DelegatingMethodAccessorImpl.java:43)
	at java.lang.reflect.Method.invoke(Method.java:498)
	at org.testng.internal.MethodInvocationHelper.invokeMethod(MethodInvocationHelper.java:104)
	at org.testng.internal.Invoker.invokeMethod(Invoker.java:645)
	at org.testng.internal.Invoker.invokeTestMethod(Invoker.java:851)
	at org.testng.internal.Invoker.invokeTestMethods(Invoker.java:1177)
	at org.testng.internal.TestMethodWorker.invokeTestMethods(TestMethodWorker.java:129)
	at org.testng.internal.TestMethodWorker.run(TestMethodWorker.java:112)
	at org.testng.TestRunner.privateRun(TestRunner.java:756)
	at org.testng.TestRunner.run(TestRunner.java:610)
	at org.testng.SuiteRunner.runTest(SuiteRunner.java:387)
	at org.testng.SuiteRunner.runSequentially(SuiteRunner.java:382)
	at org.testng.SuiteRunner.privateRun(SuiteRunner.java:340)
	at org.testng.SuiteRunner.run(SuiteRunner.java:289)
	at org.testng.SuiteRunnerWorker.runSuite(SuiteRunnerWorker.java:52)
	at org.testng.SuiteRunnerWorker.run(SuiteRunnerWorker.java:86)
	at org.testng.TestNG.runSuitesSequentially(TestNG.java:1293)
	at org.testng.TestNG.runSuitesLocally(TestNG.java:1218)
	at org.testng.TestNG.runSuites(TestNG.java:1133)
	at org.testng.TestNG.run(TestNG.java:1104)
	at org.testng.remote.AbstractRemoteTestNG.run(AbstractRemoteTestNG.java:115)
	at org.testng.remote.RemoteTestNG.initAndRun(RemoteTestNG.java:251)
	at org.testng.remote.RemoteTestNG.main(RemoteTestNG.java:77)
]]>
            </full-stacktrace>
          </exception> <!-- org.openqa.selenium.WebDriverException -->
          <reporter-output>
          </reporter-output>
        </test-method> <!-- validsearch -->
        <test-method status="PASS" signature="invalidsearch(java.lang.String, java.lang.String, java.lang.String, java.lang.String)[pri:1, instance:Testcase.FlightsearchTestcase@4f18837a]" name="invalidsearch" duration-ms="12203" started-at="2022-02-12T10:50:15Z" data-provider="Excelinput" finished-at="2022-02-12T10:50:27Z">
          <params>
            <param index="0">
              <value>
                <![CDATA[BKK]]>
              </value>
            </param>
            <param index="1">
              <value>
                <![CDATA[MAA]]>
              </value>
            </param>
            <param index="2">
              <value>
                <![CDATA[2/14/22]]>
              </value>
            </param>
            <param index="3">
              <value>
                <![CDATA[2/14/22]]>
              </value>
            </param>
          </params>
          <reporter-output>
          </reporter-output>
        </test-method> <!-- invalidsearch -->
        <test-method status="PASS" signature="invalidsearch(java.lang.String, java.lang.String, java.lang.String, java.lang.String)[pri:1, instance:Testcase.FlightsearchTestcase@4f18837a]" name="invalidsearch" duration-ms="12175" started-at="2022-02-12T10:50:27Z" data-provider="Excelinput" finished-at="2022-02-12T10:50:39Z">
          <params>
            <param index="0">
              <value>
                <![CDATA[GOI]]>
              </value>
            </param>
            <param index="1">
              <value>
                <![CDATA[DEL]]>
              </value>
            </param>
            <param index="2">
              <value>
                <![CDATA[2/18/22]]>
              </value>
            </param>
            <param index="3">
              <value>
                <![CDATA[2/18/22]]>
              </value>
            </param>
          </params>
          <reporter-output>
          </reporter-output>
        </test-method> <!-- invalidsearch -->
        <test-method status="PASS" signature="invalidsearch(java.lang.String, java.lang.String, java.lang.String, java.lang.String)[pri:1, instance:Testcase.FlightsearchTestcase@4f18837a]" name="invalidsearch" duration-ms="12214" started-at="2022-02-12T10:50:39Z" data-provider="Excelinput" finished-at="2022-02-12T10:50:51Z">
          <params>
            <param index="0">
              <value>
                <![CDATA[PNQ]]>
              </value>
            </param>
            <param index="1">
              <value>
                <![CDATA[HKG]]>
              </value>
            </param>
            <param index="2">
              <value>
                <![CDATA[2/25/22]]>
              </value>
            </param>
            <param index="3">
              <value>
                <![CDATA[2/25/22]]>
              </value>
            </param>
          </params>
          <reporter-output>
          </reporter-output>
        </test-method> <!-- invalidsearch -->
        <test-method status="PASS" signature="tear()[pri:0, instance:Testcase.FlightsearchTestcase@4f18837a]" name="tear" is-config="true" duration-ms="620" started-at="2022-02-12T10:50:51Z" finished-at="2022-02-12T10:50:52Z">
          <reporter-output>
          </reporter-output>
        </test-method> <!-- tear -->
        <test-method status="PASS" signature="teardonw()[pri:0, instance:Testcase.FlightsearchTestcase@4f18837a]" name="teardonw" is-config="true" duration-ms="143" started-at="2022-02-12T10:50:52Z" finished-at="2022-02-12T10:50:52Z">
          <reporter-output>
          </reporter-output>
        </test-method> <!-- teardonw -->
      </class> <!-- Testcase.FlightsearchTestcase -->
    </test> <!-- Test -->
  </suite> <!-- Suite -->
</testng-results>
